[debug] [2024-08-23T04:37:02.387Z] ----------------------------------------------------------------------
[debug] [2024-08-23T04:37:02.389Z] Command:       /Users/jeremy.amon/.nvm/versions/node/v20.16.0/bin/node /Users/jeremy.amon/.nvm/versions/node/v20.16.0/bin/firebase deploy
[debug] [2024-08-23T04:37:02.390Z] CLI Version:   13.15.4
[debug] [2024-08-23T04:37:02.390Z] Platform:      darwin
[debug] [2024-08-23T04:37:02.390Z] Node Version:  v20.16.0
[debug] [2024-08-23T04:37:02.390Z] Time:          Fri Aug 23 2024 12:37:02 GMT+0800 (Philippine Standard Time)
[debug] [2024-08-23T04:37:02.390Z] ----------------------------------------------------------------------
[debug] 
[debug] [2024-08-23T04:37:02.392Z] >>> [apiv2][query] GET https://firebase-public.firebaseio.com/cli.json [none]
[debug] [2024-08-23T04:37:02.480Z] > command requires scopes: ["email","openid","https://www.googleapis.com/auth/cloudplatformprojects.readonly","https://www.googleapis.com/auth/firebase","https://www.googleapis.com/auth/cloud-platform"]
[debug] [2024-08-23T04:37:02.480Z] > authorizing via signed-in user (jeremyamon@gmail.com)
[debug] [2024-08-23T04:37:02.480Z] [iam] checking project online-portfolio-jeremy for permissions ["firebase.projects.get","firebasehosting.sites.update"]
[debug] [2024-08-23T04:37:02.481Z] > refreshing access token with scopes: []
[debug] [2024-08-23T04:37:02.482Z] >>> [apiv2][query] POST https://www.googleapis.com/oauth2/v3/token [none]
[debug] [2024-08-23T04:37:02.482Z] >>> [apiv2][body] POST https://www.googleapis.com/oauth2/v3/token [omitted]
[debug] [2024-08-23T04:37:02.767Z] <<< [apiv2][status] POST https://www.googleapis.com/oauth2/v3/token 200
[debug] [2024-08-23T04:37:02.767Z] <<< [apiv2][body] POST https://www.googleapis.com/oauth2/v3/token [omitted]
[debug] [2024-08-23T04:37:02.785Z] >>> [apiv2][query] POST https://cloudresourcemanager.googleapis.com/v1/projects/online-portfolio-jeremy:testIamPermissions [none]
[debug] [2024-08-23T04:37:02.785Z] >>> [apiv2][(partial)header] POST https://cloudresourcemanager.googleapis.com/v1/projects/online-portfolio-jeremy:testIamPermissions x-goog-quota-user=projects/online-portfolio-jeremy
[debug] [2024-08-23T04:37:02.785Z] >>> [apiv2][body] POST https://cloudresourcemanager.googleapis.com/v1/projects/online-portfolio-jeremy:testIamPermissions {"permissions":["firebase.projects.get","firebasehosting.sites.update"]}
[debug] [2024-08-23T04:37:02.915Z] <<< [apiv2][status] GET https://firebase-public.firebaseio.com/cli.json 200
[debug] [2024-08-23T04:37:02.915Z] <<< [apiv2][body] GET https://firebase-public.firebaseio.com/cli.json {"cloudBuildErrorAfter":1594252800000,"cloudBuildWarnAfter":1590019200000,"defaultNode10After":1594252800000,"minVersion":"3.0.5","node8DeploysDisabledAfter":1613390400000,"node8RuntimeDisabledAfter":1615809600000,"node8WarnAfter":1600128000000}
[debug] [2024-08-23T04:37:03.760Z] <<< [apiv2][status] POST https://cloudresourcemanager.googleapis.com/v1/projects/online-portfolio-jeremy:testIamPermissions 200
[debug] [2024-08-23T04:37:03.760Z] <<< [apiv2][body] POST https://cloudresourcemanager.googleapis.com/v1/projects/online-portfolio-jeremy:testIamPermissions {"permissions":["firebase.projects.get","firebasehosting.sites.update"]}
[debug] [2024-08-23T04:37:03.760Z] >>> [apiv2][query] GET https://firebase.googleapis.com/v1beta1/projects/online-portfolio-jeremy [none]
[debug] [2024-08-23T04:37:04.162Z] <<< [apiv2][status] GET https://firebase.googleapis.com/v1beta1/projects/online-portfolio-jeremy 200
[debug] [2024-08-23T04:37:04.162Z] <<< [apiv2][body] GET https://firebase.googleapis.com/v1beta1/projects/online-portfolio-jeremy {"projectId":"online-portfolio-jeremy","projectNumber":"1087529904572","displayName":"Online Portfolio","name":"projects/online-portfolio-jeremy","resources":{"hostingSite":"online-portfolio-jeremy","storageBucket":"online-portfolio-jeremy.appspot.com","locationId":"us-central"},"state":"ACTIVE","etag":"1_81bbf8bd-4b46-49d5-938d-20fbcebfe307"}
[info] 
[info] === Deploying to 'online-portfolio-jeremy'...
[info] 
[info] i  deploying hosting 
[debug] [2024-08-23T04:37:04.166Z] >>> [apiv2][query] POST https://firebasehosting.googleapis.com/v1beta1/projects/-/sites/online-portfolio-jeremy/versions [none]
[debug] [2024-08-23T04:37:04.166Z] >>> [apiv2][body] POST https://firebasehosting.googleapis.com/v1beta1/projects/-/sites/online-portfolio-jeremy/versions {"status":"CREATED","labels":{"deployment-tool":"cli-firebase"}}
[debug] [2024-08-23T04:37:05.354Z] <<< [apiv2][status] POST https://firebasehosting.googleapis.com/v1beta1/projects/-/sites/online-portfolio-jeremy/versions 200
[debug] [2024-08-23T04:37:05.354Z] <<< [apiv2][body] POST https://firebasehosting.googleapis.com/v1beta1/projects/-/sites/online-portfolio-jeremy/versions {"name":"projects/1087529904572/sites/online-portfolio-jeremy/versions/573de23c487e1680","status":"CREATED","config":{},"labels":{"deployment-tool":"cli-firebase"}}
[info] i  hosting[online-portfolio-jeremy]: beginning deploy... 
[info] i  hosting[online-portfolio-jeremy]: found 23 files in build 
[debug] [2024-08-23T04:37:05.377Z] [hosting] uploading with 200 concurrency
[debug] [2024-08-23T04:37:05.699Z] [hosting] hash cache [YnVpbGQ] stored for 23 files
[debug] [2024-08-23T04:37:05.699Z] [hosting][hash queue][FINAL] {"max":312,"min":14,"avg":32.34782608695652,"active":0,"complete":23,"success":23,"errored":0,"retried":0,"total":23,"elapsed":320}
[debug] [2024-08-23T04:37:05.699Z] >>> [apiv2][query] POST https://firebasehosting.googleapis.com/v1beta1/projects/1087529904572/sites/online-portfolio-jeremy/versions/573de23c487e1680:populateFiles [none]
[debug] [2024-08-23T04:37:05.699Z] >>> [apiv2][body] POST https://firebasehosting.googleapis.com/v1beta1/projects/1087529904572/sites/online-portfolio-jeremy/versions/573de23c487e1680:populateFiles {"files":{"/robots.txt":"391d14b3c2f8c9143a27a28c7399585142228d4d1bdbe2c87ac946de411fa9a2","/index.html":"1884b8736b3d4cf34f405220349bb3622e2747cbef27f033e3cf0f96b82ff770","/site.webmanifest":"99da31f9b71e9604dc0c9f3dd988d31f2a4f8d14709f5105cd466d03f7e6c6c0","/jsconfig.json":"39c7fb43d93163367ce8a5f3b54311d6f3a2e9eba5c5db98c5d0e543bbf0386c","/manifest.json":"4e1d3adad9ce7e17c0d13fac197f1c27091906f4ecf3909c9f51247bff345118","/asset-manifest.json":"8e7ab46dc2a1d203e3d02ed1c89900c47853e8a5cafc8687d3c7a24e6a97a92b","/favicon-32x32.png":"2a3f885b4dfd7b4ddc19ee901009d57d772d2343a757330c1d69d224b6bc98e5","/apple-touch-icon.png":"bb09130121aaedf801fd500dcaab477adf6165828e26b27db6adca9ba9ecce37","/static/js/runtime-main.e2d63a0c.js.map":"827afceacd910992bd927622a098d9f2c97d88aa3be6722b5806b11902ca6ef8","/favicon-16x16.png":"3e6b83c5c06882b974c1862fe152eb45fd16d87303835953daad08af0ef18ba2","/android-chrome-192x192.png":"b071464d7c4a9b0e6f567951a5ea1f4a156d639c7f40dd03a0cb7f011c917358","/static/js/runtime-main.e2d63a0c.js":"cb411fbfab4afe6b7ddb7932528647bd912f8eb9fc6da6026a4b491dcf4d9b05","/favicon.ico":"68d99b830a8fd781f372447e1d922da5dbdaf2a51e1b6bbdbbba6bf4bcd105f4","/static/js/2.1f3979ee.chunk.js.LICENSE.txt":"6f558aad2202d164aa78e356e8831982151f759f5b1420b227947e6e0a017383","/android-chrome-512x512.png":"7fe3326d34f5a48b70e5034e1669ec340a3f0763111f79bc0cb6921e87f6829a","/static/js/main.2e0848d6.chunk.js":"749ffc7ab6ca2b61bdad5b463d7dd1901b810c1991d82e0257eb11b1b0e718ad","/static/css/main.f54af9fe.chunk.css":"caa03836cef083bfe89807f357f874e607fe04e308cd93539bd0193a1ff3b1f0","/libraries/p5.sound.min.js":"fef38573ab6ec24cb1d7407e8f95aa3068ccf3bc0a9fe8695e45155f125345ac","/static/js/main.2e0848d6.chunk.js.map":"01ceb70158865b204de983639640a5fafa3019806e9df370f2d053dc37f5204c","/static/css/main.f54af9fe.chunk.css.map":"c0f99a2dfb7ac69d9bb59f99277f087ebf518c9b04fde4021d959f072ddd9b84","/libraries/p5.min.js":"877c101a103488566c48f348fe0e73e9abd1b97452fb5780a062af298f692055","/static/js/2.1f3979ee.chunk.js":"84f422cb72f0d20294b69c41b00c77049573893de61346b0d37ae178e287585a","/static/js/2.1f3979ee.chunk.js.map":"b4cbd31a29f52bb0a951cc2394bbb9acefe12f7368e28e8c2477927493714069"}}
[debug] [2024-08-23T04:37:06.087Z] <<< [apiv2][status] POST https://firebasehosting.googleapis.com/v1beta1/projects/1087529904572/sites/online-portfolio-jeremy/versions/573de23c487e1680:populateFiles 200
[debug] [2024-08-23T04:37:06.087Z] <<< [apiv2][body] POST https://firebasehosting.googleapis.com/v1beta1/projects/1087529904572/sites/online-portfolio-jeremy/versions/573de23c487e1680:populateFiles {"uploadRequiredHashes":["b4cbd31a29f52bb0a951cc2394bbb9acefe12f7368e28e8c2477927493714069","01ceb70158865b204de983639640a5fafa3019806e9df370f2d053dc37f5204c","827afceacd910992bd927622a098d9f2c97d88aa3be6722b5806b11902ca6ef8","c0f99a2dfb7ac69d9bb59f99277f087ebf518c9b04fde4021d959f072ddd9b84","cb411fbfab4afe6b7ddb7932528647bd912f8eb9fc6da6026a4b491dcf4d9b05","84f422cb72f0d20294b69c41b00c77049573893de61346b0d37ae178e287585a","8e7ab46dc2a1d203e3d02ed1c89900c47853e8a5cafc8687d3c7a24e6a97a92b","6f558aad2202d164aa78e356e8831982151f759f5b1420b227947e6e0a017383","caa03836cef083bfe89807f357f874e607fe04e308cd93539bd0193a1ff3b1f0","749ffc7ab6ca2b61bdad5b463d7dd1901b810c1991d82e0257eb11b1b0e718ad","1884b8736b3d4cf34f405220349bb3622e2747cbef27f033e3cf0f96b82ff770"],"uploadUrl":"https://upload-firebasehosting.googleapis.com/upload/sites/online-portfolio-jeremy/versions/573de23c487e1680/files"}
[debug] [2024-08-23T04:37:06.089Z] >>> [apiv2][query] POST https://upload-firebasehosting.googleapis.com/upload/sites/online-portfolio-jeremy/versions/573de23c487e1680/files/b4cbd31a29f52bb0a951cc2394bbb9acefe12f7368e28e8c2477927493714069 [none]
[debug] [2024-08-23T04:37:06.089Z] >>> [apiv2][body] POST https://upload-firebasehosting.googleapis.com/upload/sites/online-portfolio-jeremy/versions/573de23c487e1680/files/b4cbd31a29f52bb0a951cc2394bbb9acefe12f7368e28e8c2477927493714069 [stream]
[debug] [2024-08-23T04:37:06.090Z] >>> [apiv2][query] POST https://upload-firebasehosting.googleapis.com/upload/sites/online-portfolio-jeremy/versions/573de23c487e1680/files/01ceb70158865b204de983639640a5fafa3019806e9df370f2d053dc37f5204c [none]
[debug] [2024-08-23T04:37:06.090Z] >>> [apiv2][body] POST https://upload-firebasehosting.googleapis.com/upload/sites/online-portfolio-jeremy/versions/573de23c487e1680/files/01ceb70158865b204de983639640a5fafa3019806e9df370f2d053dc37f5204c [stream]
[debug] [2024-08-23T04:37:06.091Z] >>> [apiv2][query] POST https://upload-firebasehosting.googleapis.com/upload/sites/online-portfolio-jeremy/versions/573de23c487e1680/files/827afceacd910992bd927622a098d9f2c97d88aa3be6722b5806b11902ca6ef8 [none]
[debug] [2024-08-23T04:37:06.091Z] >>> [apiv2][body] POST https://upload-firebasehosting.googleapis.com/upload/sites/online-portfolio-jeremy/versions/573de23c487e1680/files/827afceacd910992bd927622a098d9f2c97d88aa3be6722b5806b11902ca6ef8 [stream]
[debug] [2024-08-23T04:37:06.092Z] >>> [apiv2][query] POST https://upload-firebasehosting.googleapis.com/upload/sites/online-portfolio-jeremy/versions/573de23c487e1680/files/c0f99a2dfb7ac69d9bb59f99277f087ebf518c9b04fde4021d959f072ddd9b84 [none]
[debug] [2024-08-23T04:37:06.092Z] >>> [apiv2][body] POST https://upload-firebasehosting.googleapis.com/upload/sites/online-portfolio-jeremy/versions/573de23c487e1680/files/c0f99a2dfb7ac69d9bb59f99277f087ebf518c9b04fde4021d959f072ddd9b84 [stream]
[debug] [2024-08-23T04:37:06.093Z] >>> [apiv2][query] POST https://upload-firebasehosting.googleapis.com/upload/sites/online-portfolio-jeremy/versions/573de23c487e1680/files/cb411fbfab4afe6b7ddb7932528647bd912f8eb9fc6da6026a4b491dcf4d9b05 [none]
[debug] [2024-08-23T04:37:06.093Z] >>> [apiv2][body] POST https://upload-firebasehosting.googleapis.com/upload/sites/online-portfolio-jeremy/versions/573de23c487e1680/files/cb411fbfab4afe6b7ddb7932528647bd912f8eb9fc6da6026a4b491dcf4d9b05 [stream]
[debug] [2024-08-23T04:37:06.094Z] >>> [apiv2][query] POST https://upload-firebasehosting.googleapis.com/upload/sites/online-portfolio-jeremy/versions/573de23c487e1680/files/84f422cb72f0d20294b69c41b00c77049573893de61346b0d37ae178e287585a [none]
[debug] [2024-08-23T04:37:06.094Z] >>> [apiv2][body] POST https://upload-firebasehosting.googleapis.com/upload/sites/online-portfolio-jeremy/versions/573de23c487e1680/files/84f422cb72f0d20294b69c41b00c77049573893de61346b0d37ae178e287585a [stream]
[debug] [2024-08-23T04:37:06.095Z] >>> [apiv2][query] POST https://upload-firebasehosting.googleapis.com/upload/sites/online-portfolio-jeremy/versions/573de23c487e1680/files/8e7ab46dc2a1d203e3d02ed1c89900c47853e8a5cafc8687d3c7a24e6a97a92b [none]
[debug] [2024-08-23T04:37:06.095Z] >>> [apiv2][body] POST https://upload-firebasehosting.googleapis.com/upload/sites/online-portfolio-jeremy/versions/573de23c487e1680/files/8e7ab46dc2a1d203e3d02ed1c89900c47853e8a5cafc8687d3c7a24e6a97a92b [stream]
[debug] [2024-08-23T04:37:06.096Z] >>> [apiv2][query] POST https://upload-firebasehosting.googleapis.com/upload/sites/online-portfolio-jeremy/versions/573de23c487e1680/files/6f558aad2202d164aa78e356e8831982151f759f5b1420b227947e6e0a017383 [none]
[debug] [2024-08-23T04:37:06.096Z] >>> [apiv2][body] POST https://upload-firebasehosting.googleapis.com/upload/sites/online-portfolio-jeremy/versions/573de23c487e1680/files/6f558aad2202d164aa78e356e8831982151f759f5b1420b227947e6e0a017383 [stream]
[debug] [2024-08-23T04:37:06.097Z] >>> [apiv2][query] POST https://upload-firebasehosting.googleapis.com/upload/sites/online-portfolio-jeremy/versions/573de23c487e1680/files/caa03836cef083bfe89807f357f874e607fe04e308cd93539bd0193a1ff3b1f0 [none]
[debug] [2024-08-23T04:37:06.097Z] >>> [apiv2][body] POST https://upload-firebasehosting.googleapis.com/upload/sites/online-portfolio-jeremy/versions/573de23c487e1680/files/caa03836cef083bfe89807f357f874e607fe04e308cd93539bd0193a1ff3b1f0 [stream]
[debug] [2024-08-23T04:37:06.098Z] >>> [apiv2][query] POST https://upload-firebasehosting.googleapis.com/upload/sites/online-portfolio-jeremy/versions/573de23c487e1680/files/749ffc7ab6ca2b61bdad5b463d7dd1901b810c1991d82e0257eb11b1b0e718ad [none]
[debug] [2024-08-23T04:37:06.098Z] >>> [apiv2][body] POST https://upload-firebasehosting.googleapis.com/upload/sites/online-portfolio-jeremy/versions/573de23c487e1680/files/749ffc7ab6ca2b61bdad5b463d7dd1901b810c1991d82e0257eb11b1b0e718ad [stream]
[debug] [2024-08-23T04:37:06.099Z] >>> [apiv2][query] POST https://upload-firebasehosting.googleapis.com/upload/sites/online-portfolio-jeremy/versions/573de23c487e1680/files/1884b8736b3d4cf34f405220349bb3622e2747cbef27f033e3cf0f96b82ff770 [none]
[debug] [2024-08-23T04:37:06.099Z] >>> [apiv2][body] POST https://upload-firebasehosting.googleapis.com/upload/sites/online-portfolio-jeremy/versions/573de23c487e1680/files/1884b8736b3d4cf34f405220349bb3622e2747cbef27f033e3cf0f96b82ff770 [stream]
[debug] [2024-08-23T04:37:06.100Z] [hosting][populate queue][FINAL] {"max":393,"min":393,"avg":393,"active":0,"complete":1,"success":1,"errored":0,"retried":0,"total":1,"elapsed":404}
[debug] [2024-08-23T04:37:06.100Z] [hosting] uploads queued: 11
[debug] [2024-08-23T04:37:07.276Z] <<< [apiv2][status] POST https://upload-firebasehosting.googleapis.com/upload/sites/online-portfolio-jeremy/versions/573de23c487e1680/files/6f558aad2202d164aa78e356e8831982151f759f5b1420b227947e6e0a017383 200
[debug] [2024-08-23T04:37:07.277Z] <<< [apiv2][body] POST https://upload-firebasehosting.googleapis.com/upload/sites/online-portfolio-jeremy/versions/573de23c487e1680/files/6f558aad2202d164aa78e356e8831982151f759f5b1420b227947e6e0a017383 [stream]
[debug] [2024-08-23T04:37:07.314Z] <<< [apiv2][status] POST https://upload-firebasehosting.googleapis.com/upload/sites/online-portfolio-jeremy/versions/573de23c487e1680/files/749ffc7ab6ca2b61bdad5b463d7dd1901b810c1991d82e0257eb11b1b0e718ad 200
[debug] [2024-08-23T04:37:07.314Z] <<< [apiv2][body] POST https://upload-firebasehosting.googleapis.com/upload/sites/online-portfolio-jeremy/versions/573de23c487e1680/files/749ffc7ab6ca2b61bdad5b463d7dd1901b810c1991d82e0257eb11b1b0e718ad [stream]
[debug] [2024-08-23T04:37:07.315Z] <<< [apiv2][status] POST https://upload-firebasehosting.googleapis.com/upload/sites/online-portfolio-jeremy/versions/573de23c487e1680/files/caa03836cef083bfe89807f357f874e607fe04e308cd93539bd0193a1ff3b1f0 200
[debug] [2024-08-23T04:37:07.315Z] <<< [apiv2][body] POST https://upload-firebasehosting.googleapis.com/upload/sites/online-portfolio-jeremy/versions/573de23c487e1680/files/caa03836cef083bfe89807f357f874e607fe04e308cd93539bd0193a1ff3b1f0 [stream]
[debug] [2024-08-23T04:37:07.357Z] <<< [apiv2][status] POST https://upload-firebasehosting.googleapis.com/upload/sites/online-portfolio-jeremy/versions/573de23c487e1680/files/8e7ab46dc2a1d203e3d02ed1c89900c47853e8a5cafc8687d3c7a24e6a97a92b 200
[debug] [2024-08-23T04:37:07.357Z] <<< [apiv2][body] POST https://upload-firebasehosting.googleapis.com/upload/sites/online-portfolio-jeremy/versions/573de23c487e1680/files/8e7ab46dc2a1d203e3d02ed1c89900c47853e8a5cafc8687d3c7a24e6a97a92b [stream]
[debug] [2024-08-23T04:37:07.358Z] <<< [apiv2][status] POST https://upload-firebasehosting.googleapis.com/upload/sites/online-portfolio-jeremy/versions/573de23c487e1680/files/827afceacd910992bd927622a098d9f2c97d88aa3be6722b5806b11902ca6ef8 200
[debug] [2024-08-23T04:37:07.358Z] <<< [apiv2][body] POST https://upload-firebasehosting.googleapis.com/upload/sites/online-portfolio-jeremy/versions/573de23c487e1680/files/827afceacd910992bd927622a098d9f2c97d88aa3be6722b5806b11902ca6ef8 [stream]
[debug] [2024-08-23T04:37:07.359Z] <<< [apiv2][status] POST https://upload-firebasehosting.googleapis.com/upload/sites/online-portfolio-jeremy/versions/573de23c487e1680/files/cb411fbfab4afe6b7ddb7932528647bd912f8eb9fc6da6026a4b491dcf4d9b05 200
[debug] [2024-08-23T04:37:07.359Z] <<< [apiv2][body] POST https://upload-firebasehosting.googleapis.com/upload/sites/online-portfolio-jeremy/versions/573de23c487e1680/files/cb411fbfab4afe6b7ddb7932528647bd912f8eb9fc6da6026a4b491dcf4d9b05 [stream]
[debug] [2024-08-23T04:37:07.390Z] <<< [apiv2][status] POST https://upload-firebasehosting.googleapis.com/upload/sites/online-portfolio-jeremy/versions/573de23c487e1680/files/01ceb70158865b204de983639640a5fafa3019806e9df370f2d053dc37f5204c 200
[debug] [2024-08-23T04:37:07.390Z] <<< [apiv2][body] POST https://upload-firebasehosting.googleapis.com/upload/sites/online-portfolio-jeremy/versions/573de23c487e1680/files/01ceb70158865b204de983639640a5fafa3019806e9df370f2d053dc37f5204c [stream]
[debug] [2024-08-23T04:37:07.466Z] <<< [apiv2][status] POST https://upload-firebasehosting.googleapis.com/upload/sites/online-portfolio-jeremy/versions/573de23c487e1680/files/c0f99a2dfb7ac69d9bb59f99277f087ebf518c9b04fde4021d959f072ddd9b84 200
[debug] [2024-08-23T04:37:07.466Z] <<< [apiv2][body] POST https://upload-firebasehosting.googleapis.com/upload/sites/online-portfolio-jeremy/versions/573de23c487e1680/files/c0f99a2dfb7ac69d9bb59f99277f087ebf518c9b04fde4021d959f072ddd9b84 [stream]
[debug] [2024-08-23T04:37:07.671Z] <<< [apiv2][status] POST https://upload-firebasehosting.googleapis.com/upload/sites/online-portfolio-jeremy/versions/573de23c487e1680/files/84f422cb72f0d20294b69c41b00c77049573893de61346b0d37ae178e287585a 200
[debug] [2024-08-23T04:37:07.671Z] <<< [apiv2][body] POST https://upload-firebasehosting.googleapis.com/upload/sites/online-portfolio-jeremy/versions/573de23c487e1680/files/84f422cb72f0d20294b69c41b00c77049573893de61346b0d37ae178e287585a [stream]
